2021-11-09 15:42:15.271  INFO 21570 --- [main] SpringBootCoreDataJpaMvcRest1Application : Starting TimesheetSpringBootCoreDataJpaMvcRest1Application on khalil-GF63-Thin-10SCXR with PID 21570 (/home/khalil/IDE/sts/Timesheet-spring-boot-core-data-jpa-mvc-REST-1/target/classes started by khalil in /home/khalil/IDE/sts/Timesheet-spring-boot-core-data-jpa-mvc-REST-1)
2021-11-09 15:42:15.273  INFO 21570 --- [main] SpringBootCoreDataJpaMvcRest1Application : No active profile set, falling back to default profiles: default
2021-11-09 15:42:15.612  INFO 21570 --- [main] .s.d.r.c.RepositoryConfigurationDelegate : Bootstrapping Spring Data repositories in DEFAULT mode.
2021-11-09 15:42:15.653  INFO 21570 --- [main] .s.d.r.c.RepositoryConfigurationDelegate : Finished Spring Data repository scanning in 36ms. Found 6 repository interfaces.
2021-11-09 15:42:15.849  INFO 21570 --- [main] trationDelegate$BeanPostProcessorChecker : Bean 'org.springframework.transaction.annotation.ProxyTransactionManagementConfiguration' of type [org.springframework.transaction.annotation.ProxyTransactionManagementConfiguration$$EnhancerBySpringCGLIB$$c21034de] is not eligible for getting processed by all BeanPostProcessors (for example: not eligible for auto-proxying)
2021-11-09 15:42:16.102  INFO 21570 --- [main] o.s.b.w.embedded.tomcat.TomcatWebServer  : Tomcat initialized with port(s): 8888 (http)
2021-11-09 15:42:16.115  INFO 21570 --- [main] o.apache.catalina.core.StandardService   : Starting service [Tomcat]
2021-11-09 15:42:16.115  INFO 21570 --- [main] org.apache.catalina.core.StandardEngine  : Starting Servlet engine: [Apache Tomcat/9.0.17]
2021-11-09 15:42:16.188  INFO 21570 --- [main] o.a.c.c.C.[.[localhost].[/SpringMVC]     : Initializing Spring embedded WebApplicationContext
2021-11-09 15:42:16.188  INFO 21570 --- [main] o.s.web.context.ContextLoader            : Root WebApplicationContext: initialization completed in 887 ms
2021-11-09 15:42:16.276  INFO 21570 --- [main] com.zaxxer.hikari.HikariDataSource       : HikariPool-1 - Starting...
2021-11-09 15:42:16.457  INFO 21570 --- [main] com.zaxxer.hikari.HikariDataSource       : HikariPool-1 - Start completed.
2021-11-09 15:42:16.483  INFO 21570 --- [main] o.hibernate.jpa.internal.util.LogHelper  : HHH000204: Processing PersistenceUnitInfo [
	name: default
	...]
2021-11-09 15:42:16.511  INFO 21570 --- [main] org.hibernate.Version                    : HHH000412: Hibernate Core {5.3.9.Final}
2021-11-09 15:42:16.511  INFO 21570 --- [main] org.hibernate.cfg.Environment            : HHH000206: hibernate.properties not found
2021-11-09 15:42:16.578  INFO 21570 --- [main] o.hibernate.annotations.common.Version   : HCANN000001: Hibernate Commons Annotations {5.0.4.Final}
2021-11-09 15:42:16.654  INFO 21570 --- [main] org.hibernate.dialect.Dialect            : HHH000400: Using dialect: org.hibernate.dialect.MySQL5Dialect
2021-11-09 15:42:17.159  INFO 21570 --- [main] j.LocalContainerEntityManagerFactoryBean : Initialized JPA EntityManagerFactory for persistence unit 'default'
2021-11-09 15:42:17.456  INFO 21570 --- [main] o.h.h.i.QueryTranslatorFactoryInitiator  : HHH000397: Using ASTQueryTranslatorFactory
2021-11-09 15:42:17.765  INFO 21570 --- [main] o.s.s.concurrent.ThreadPoolTaskExecutor  : Initializing ExecutorService 'applicationTaskExecutor'
2021-11-09 15:42:17.795  WARN 21570 --- [main] aWebConfiguration$JpaWebMvcConfiguration : spring.jpa.open-in-view is enabled by default. Therefore, database queries may be performed during view rendering. Explicitly configure spring.jpa.open-in-view to disable this warning
2021-11-09 15:42:17.925  INFO 21570 --- [main] o.s.b.w.embedded.tomcat.TomcatWebServer  : Tomcat started on port(s): 8888 (http) with context path '/SpringMVC'
2021-11-09 15:42:17.926  INFO 21570 --- [main] SpringBootCoreDataJpaMvcRest1Application : Started TimesheetSpringBootCoreDataJpaMvcRest1Application in 2.844 seconds (JVM running for 3.09)
2021-11-09 15:42:20.422  INFO 21570 --- [RMI TCP Connection(6)-127.0.0.1] inMXBeanRegistrar$SpringApplicationAdmin : Application shutdown requested.
2021-11-09 15:42:20.427  INFO 21570 --- [RMI TCP Connection(6)-127.0.0.1] o.s.s.concurrent.ThreadPoolTaskExecutor  : Shutting down ExecutorService 'applicationTaskExecutor'
2021-11-09 15:42:20.432  INFO 21570 --- [RMI TCP Connection(6)-127.0.0.1] j.LocalContainerEntityManagerFactoryBean : Closing JPA EntityManagerFactory for persistence unit 'default'
2021-11-09 15:42:20.436  INFO 21570 --- [RMI TCP Connection(6)-127.0.0.1] com.zaxxer.hikari.HikariDataSource       : HikariPool-1 - Shutdown initiated...
2021-11-09 15:42:20.446  INFO 21570 --- [RMI TCP Connection(6)-127.0.0.1] com.zaxxer.hikari.HikariDataSource       : HikariPool-1 - Shutdown completed.
2021-11-09 15:47:42.728  INFO 24541 --- [main] tn.esprit.spring.test.EntrepriseTest     : Starting EntrepriseTest on khalil-GF63-Thin-10SCXR with PID 24541 (started by khalil in /home/khalil/IDE/sts/Timesheet-spring-boot-core-data-jpa-mvc-REST-1)
2021-11-09 15:47:42.729  INFO 24541 --- [main] tn.esprit.spring.test.EntrepriseTest     : No active profile set, falling back to default profiles: default
2021-11-09 15:47:43.091  INFO 24541 --- [main] .s.d.r.c.RepositoryConfigurationDelegate : Bootstrapping Spring Data repositories in DEFAULT mode.
2021-11-09 15:47:43.137  INFO 24541 --- [main] .s.d.r.c.RepositoryConfigurationDelegate : Finished Spring Data repository scanning in 42ms. Found 6 repository interfaces.
2021-11-09 15:47:43.372  INFO 24541 --- [main] trationDelegate$BeanPostProcessorChecker : Bean 'org.springframework.transaction.annotation.ProxyTransactionManagementConfiguration' of type [org.springframework.transaction.annotation.ProxyTransactionManagementConfiguration$$EnhancerBySpringCGLIB$$a96de5f1] is not eligible for getting processed by all BeanPostProcessors (for example: not eligible for auto-proxying)
2021-11-09 15:47:43.578  INFO 24541 --- [main] com.zaxxer.hikari.HikariDataSource       : HikariPool-1 - Starting...
2021-11-09 15:47:43.842  INFO 24541 --- [main] com.zaxxer.hikari.HikariDataSource       : HikariPool-1 - Start completed.
2021-11-09 15:47:43.879  INFO 24541 --- [main] o.hibernate.jpa.internal.util.LogHelper  : HHH000204: Processing PersistenceUnitInfo [
	name: default
	...]
2021-11-09 15:47:43.911  INFO 24541 --- [main] org.hibernate.Version                    : HHH000412: Hibernate Core {5.3.9.Final}
2021-11-09 15:47:43.912  INFO 24541 --- [main] org.hibernate.cfg.Environment            : HHH000206: hibernate.properties not found
2021-11-09 15:47:43.988  INFO 24541 --- [main] o.hibernate.annotations.common.Version   : HCANN000001: Hibernate Commons Annotations {5.0.4.Final}
2021-11-09 15:47:44.070  INFO 24541 --- [main] org.hibernate.dialect.Dialect            : HHH000400: Using dialect: org.hibernate.dialect.MySQL5Dialect
2021-11-09 15:47:44.645  INFO 24541 --- [main] j.LocalContainerEntityManagerFactoryBean : Initialized JPA EntityManagerFactory for persistence unit 'default'
2021-11-09 15:47:44.862  INFO 24541 --- [main] o.h.h.i.QueryTranslatorFactoryInitiator  : HHH000397: Using ASTQueryTranslatorFactory
2021-11-09 15:47:45.522  INFO 24541 --- [main] o.s.s.concurrent.ThreadPoolTaskExecutor  : Initializing ExecutorService 'applicationTaskExecutor'
2021-11-09 15:47:45.560  WARN 24541 --- [main] aWebConfiguration$JpaWebMvcConfiguration : spring.jpa.open-in-view is enabled by default. Therefore, database queries may be performed during view rendering. Explicitly configure spring.jpa.open-in-view to disable this warning
2021-11-09 15:47:45.799  INFO 24541 --- [main] tn.esprit.spring.test.EntrepriseTest     : Started EntrepriseTest in 3.229 seconds (JVM running for 3.647)
2021-11-09 15:47:45.876  INFO 24541 --- [main] tn.esprit.spring.config.LoggingAspect    : Method execution time: 40 milliseconds.
2021-11-09 15:47:45.890  INFO 24541 --- [main] tn.esprit.spring.config.LoggingAspect    : Method execution time: 14 milliseconds.
2021-11-09 15:47:45.895  INFO 24541 --- [main] tn.esprit.spring.config.LoggingAspect    : Method execution time: 3 milliseconds.
2021-11-09 15:47:45.907  INFO 24541 --- [main] tn.esprit.spring.config.LoggingAspect    : Method execution time: 4 milliseconds.
2021-11-09 15:47:45.909  INFO 24541 --- [main] tn.esprit.spring.config.LoggingAspect    : Method execution time: 1 milliseconds.
2021-11-09 15:47:45.925  INFO 24541 --- [Thread-2] o.s.s.concurrent.ThreadPoolTaskExecutor  : Shutting down ExecutorService 'applicationTaskExecutor'
2021-11-09 15:47:45.926  INFO 24541 --- [Thread-2] j.LocalContainerEntityManagerFactoryBean : Closing JPA EntityManagerFactory for persistence unit 'default'
2021-11-09 15:47:45.928  INFO 24541 --- [Thread-2] com.zaxxer.hikari.HikariDataSource       : HikariPool-1 - Shutdown initiated...
2021-11-09 15:47:45.932  INFO 24541 --- [Thread-2] com.zaxxer.hikari.HikariDataSource       : HikariPool-1 - Shutdown completed.
2021-11-09 15:54:36.968  INFO 28131 --- [main] tn.esprit.spring.test.EntrepriseTest     : Starting EntrepriseTest on khalil-GF63-Thin-10SCXR with PID 28131 (started by khalil in /home/khalil/IDE/sts/Timesheet-spring-boot-core-data-jpa-mvc-REST-1)
2021-11-09 15:54:36.969  INFO 28131 --- [main] tn.esprit.spring.test.EntrepriseTest     : No active profile set, falling back to default profiles: default
2021-11-09 15:54:37.341  INFO 28131 --- [main] .s.d.r.c.RepositoryConfigurationDelegate : Bootstrapping Spring Data repositories in DEFAULT mode.
2021-11-09 15:54:37.392  INFO 28131 --- [main] .s.d.r.c.RepositoryConfigurationDelegate : Finished Spring Data repository scanning in 46ms. Found 6 repository interfaces.
2021-11-09 15:54:37.631  INFO 28131 --- [main] trationDelegate$BeanPostProcessorChecker : Bean 'org.springframework.transaction.annotation.ProxyTransactionManagementConfiguration' of type [org.springframework.transaction.annotation.ProxyTransactionManagementConfiguration$$EnhancerBySpringCGLIB$$416ed714] is not eligible for getting processed by all BeanPostProcessors (for example: not eligible for auto-proxying)
2021-11-09 15:54:37.830  INFO 28131 --- [main] com.zaxxer.hikari.HikariDataSource       : HikariPool-1 - Starting...
2021-11-09 15:54:38.073  INFO 28131 --- [main] com.zaxxer.hikari.HikariDataSource       : HikariPool-1 - Start completed.
2021-11-09 15:54:38.113  INFO 28131 --- [main] o.hibernate.jpa.internal.util.LogHelper  : HHH000204: Processing PersistenceUnitInfo [
	name: default
	...]
2021-11-09 15:54:38.144  INFO 28131 --- [main] org.hibernate.Version                    : HHH000412: Hibernate Core {5.3.9.Final}
2021-11-09 15:54:38.145  INFO 28131 --- [main] org.hibernate.cfg.Environment            : HHH000206: hibernate.properties not found
2021-11-09 15:54:38.228  INFO 28131 --- [main] o.hibernate.annotations.common.Version   : HCANN000001: Hibernate Commons Annotations {5.0.4.Final}
2021-11-09 15:54:38.312  INFO 28131 --- [main] org.hibernate.dialect.Dialect            : HHH000400: Using dialect: org.hibernate.dialect.MySQL5Dialect
2021-11-09 15:54:38.885  INFO 28131 --- [main] j.LocalContainerEntityManagerFactoryBean : Initialized JPA EntityManagerFactory for persistence unit 'default'
2021-11-09 15:54:39.244  INFO 28131 --- [main] o.h.h.i.QueryTranslatorFactoryInitiator  : HHH000397: Using ASTQueryTranslatorFactory
2021-11-09 15:54:39.812  INFO 28131 --- [main] o.s.s.concurrent.ThreadPoolTaskExecutor  : Initializing ExecutorService 'applicationTaskExecutor'
2021-11-09 15:54:39.850  WARN 28131 --- [main] aWebConfiguration$JpaWebMvcConfiguration : spring.jpa.open-in-view is enabled by default. Therefore, database queries may be performed during view rendering. Explicitly configure spring.jpa.open-in-view to disable this warning
2021-11-09 15:54:40.074  INFO 28131 --- [main] tn.esprit.spring.test.EntrepriseTest     : Started EntrepriseTest in 3.248 seconds (JVM running for 3.687)
2021-11-09 15:54:40.110  INFO 28131 --- [main] tn.esprit.spring.config.LoggingAspect    : before Create Entreprise
2021-11-09 15:54:40.157  INFO 28131 --- [main] tn.esprit.spring.config.LoggingAspect    : Method execution time: 45 milliseconds.
2021-11-09 15:54:40.157  INFO 28131 --- [main] tn.esprit.spring.config.LoggingAspect    : get entreprise by id
2021-11-09 15:54:40.181  INFO 28131 --- [main] tn.esprit.spring.config.LoggingAspect    : Method execution time: 24 milliseconds.
2021-11-09 15:54:40.182  INFO 28131 --- [main] tn.esprit.spring.config.LoggingAspect    : Delete after
2021-11-09 15:54:40.187  INFO 28131 --- [main] tn.esprit.spring.config.LoggingAspect    : Method execution time: 4 milliseconds.
2021-11-09 15:54:40.196  INFO 28131 --- [main] tn.esprit.spring.config.LoggingAspect    : before Create Entreprise
2021-11-09 15:54:40.200  INFO 28131 --- [main] tn.esprit.spring.config.LoggingAspect    : Method execution time: 3 milliseconds.
2021-11-09 15:54:40.200  INFO 28131 --- [main] tn.esprit.spring.config.LoggingAspect    : ajouter entreprise
2021-11-09 15:54:40.200  INFO 28131 --- [main] tn.esprit.spring.config.LoggingAspect    : Delete after
2021-11-09 15:54:40.202  INFO 28131 --- [main] tn.esprit.spring.config.LoggingAspect    : Method execution time: 1 milliseconds.
2021-11-09 15:54:40.224  INFO 28131 --- [Thread-2] o.s.s.concurrent.ThreadPoolTaskExecutor  : Shutting down ExecutorService 'applicationTaskExecutor'
2021-11-09 15:54:40.225  INFO 28131 --- [Thread-2] j.LocalContainerEntityManagerFactoryBean : Closing JPA EntityManagerFactory for persistence unit 'default'
2021-11-09 15:54:40.226  INFO 28131 --- [Thread-2] com.zaxxer.hikari.HikariDataSource       : HikariPool-1 - Shutdown initiated...
2021-11-09 15:54:40.232  INFO 28131 --- [Thread-2] com.zaxxer.hikari.HikariDataSource       : HikariPool-1 - Shutdown completed.
2021-11-09 15:59:33.024  INFO 30545 --- [main] SpringBootCoreDataJpaMvcRest1Application : Starting TimesheetSpringBootCoreDataJpaMvcRest1Application on khalil-GF63-Thin-10SCXR with PID 30545 (/home/khalil/IDE/sts/Timesheet-spring-boot-core-data-jpa-mvc-REST-1/target/classes started by khalil in /home/khalil/IDE/sts/Timesheet-spring-boot-core-data-jpa-mvc-REST-1)
2021-11-09 15:59:33.032  INFO 30545 --- [main] SpringBootCoreDataJpaMvcRest1Application : No active profile set, falling back to default profiles: default
2021-11-09 15:59:33.369  INFO 30545 --- [main] .s.d.r.c.RepositoryConfigurationDelegate : Bootstrapping Spring Data repositories in DEFAULT mode.
2021-11-09 15:59:33.408  INFO 30545 --- [main] .s.d.r.c.RepositoryConfigurationDelegate : Finished Spring Data repository scanning in 35ms. Found 6 repository interfaces.
2021-11-09 15:59:33.595  INFO 30545 --- [main] trationDelegate$BeanPostProcessorChecker : Bean 'org.springframework.transaction.annotation.ProxyTransactionManagementConfiguration' of type [org.springframework.transaction.annotation.ProxyTransactionManagementConfiguration$$EnhancerBySpringCGLIB$$edcea813] is not eligible for getting processed by all BeanPostProcessors (for example: not eligible for auto-proxying)
2021-11-09 15:59:33.856  INFO 30545 --- [main] o.s.b.w.embedded.tomcat.TomcatWebServer  : Tomcat initialized with port(s): 8888 (http)
2021-11-09 15:59:33.869  INFO 30545 --- [main] o.apache.catalina.core.StandardService   : Starting service [Tomcat]
2021-11-09 15:59:33.869  INFO 30545 --- [main] org.apache.catalina.core.StandardEngine  : Starting Servlet engine: [Apache Tomcat/9.0.17]
2021-11-09 15:59:33.944  INFO 30545 --- [main] o.a.c.c.C.[.[localhost].[/SpringMVC]     : Initializing Spring embedded WebApplicationContext
2021-11-09 15:59:33.944  INFO 30545 --- [main] o.s.web.context.ContextLoader            : Root WebApplicationContext: initialization completed in 886 ms
2021-11-09 15:59:34.038  INFO 30545 --- [main] com.zaxxer.hikari.HikariDataSource       : HikariPool-1 - Starting...
2021-11-09 15:59:34.237  INFO 30545 --- [main] com.zaxxer.hikari.HikariDataSource       : HikariPool-1 - Start completed.
2021-11-09 15:59:34.268  INFO 30545 --- [main] o.hibernate.jpa.internal.util.LogHelper  : HHH000204: Processing PersistenceUnitInfo [
	name: default
	...]
2021-11-09 15:59:34.300  INFO 30545 --- [main] org.hibernate.Version                    : HHH000412: Hibernate Core {5.3.9.Final}
2021-11-09 15:59:34.301  INFO 30545 --- [main] org.hibernate.cfg.Environment            : HHH000206: hibernate.properties not found
2021-11-09 15:59:34.375  INFO 30545 --- [main] o.hibernate.annotations.common.Version   : HCANN000001: Hibernate Commons Annotations {5.0.4.Final}
2021-11-09 15:59:34.456  INFO 30545 --- [main] org.hibernate.dialect.Dialect            : HHH000400: Using dialect: org.hibernate.dialect.MySQL5Dialect
2021-11-09 15:59:35.045  INFO 30545 --- [main] j.LocalContainerEntityManagerFactoryBean : Initialized JPA EntityManagerFactory for persistence unit 'default'
2021-11-09 15:59:35.358  INFO 30545 --- [main] o.h.h.i.QueryTranslatorFactoryInitiator  : HHH000397: Using ASTQueryTranslatorFactory
2021-11-09 15:59:35.654  INFO 30545 --- [main] o.s.s.concurrent.ThreadPoolTaskExecutor  : Initializing ExecutorService 'applicationTaskExecutor'
2021-11-09 15:59:35.686  WARN 30545 --- [main] aWebConfiguration$JpaWebMvcConfiguration : spring.jpa.open-in-view is enabled by default. Therefore, database queries may be performed during view rendering. Explicitly configure spring.jpa.open-in-view to disable this warning
2021-11-09 15:59:35.827  INFO 30545 --- [main] o.s.b.w.embedded.tomcat.TomcatWebServer  : Tomcat started on port(s): 8888 (http) with context path '/SpringMVC'
2021-11-09 15:59:35.828  INFO 30545 --- [main] SpringBootCoreDataJpaMvcRest1Application : Started TimesheetSpringBootCoreDataJpaMvcRest1Application in 2.988 seconds (JVM running for 3.222)
2021-11-09 15:59:44.131  INFO 30545 --- [RMI TCP Connection(6)-127.0.0.1] inMXBeanRegistrar$SpringApplicationAdmin : Application shutdown requested.
2021-11-09 15:59:44.135  INFO 30545 --- [RMI TCP Connection(6)-127.0.0.1] o.s.s.concurrent.ThreadPoolTaskExecutor  : Shutting down ExecutorService 'applicationTaskExecutor'
2021-11-09 15:59:44.137  INFO 30545 --- [RMI TCP Connection(6)-127.0.0.1] j.LocalContainerEntityManagerFactoryBean : Closing JPA EntityManagerFactory for persistence unit 'default'
2021-11-09 15:59:44.138  INFO 30545 --- [RMI TCP Connection(6)-127.0.0.1] com.zaxxer.hikari.HikariDataSource       : HikariPool-1 - Shutdown initiated...
2021-11-09 15:59:44.143  INFO 30545 --- [RMI TCP Connection(6)-127.0.0.1] com.zaxxer.hikari.HikariDataSource       : HikariPool-1 - Shutdown completed.
2021-11-09 15:59:59.905  INFO 30849 --- [main] tn.esprit.spring.test.EntrepriseTest     : Starting EntrepriseTest on khalil-GF63-Thin-10SCXR with PID 30849 (started by khalil in /home/khalil/IDE/sts/Timesheet-spring-boot-core-data-jpa-mvc-REST-1)
2021-11-09 15:59:59.906  INFO 30849 --- [main] tn.esprit.spring.test.EntrepriseTest     : No active profile set, falling back to default profiles: default
2021-11-09 16:00:00.256  INFO 30849 --- [main] .s.d.r.c.RepositoryConfigurationDelegate : Bootstrapping Spring Data repositories in DEFAULT mode.
2021-11-09 16:00:00.304  INFO 30849 --- [main] .s.d.r.c.RepositoryConfigurationDelegate : Finished Spring Data repository scanning in 43ms. Found 6 repository interfaces.
2021-11-09 16:00:00.531  INFO 30849 --- [main] trationDelegate$BeanPostProcessorChecker : Bean 'org.springframework.transaction.annotation.ProxyTransactionManagementConfiguration' of type [org.springframework.transaction.annotation.ProxyTransactionManagementConfiguration$$EnhancerBySpringCGLIB$$cad1c0d5] is not eligible for getting processed by all BeanPostProcessors (for example: not eligible for auto-proxying)
2021-11-09 16:00:00.724  INFO 30849 --- [main] com.zaxxer.hikari.HikariDataSource       : HikariPool-1 - Starting...
2021-11-09 16:00:00.981  INFO 30849 --- [main] com.zaxxer.hikari.HikariDataSource       : HikariPool-1 - Start completed.
2021-11-09 16:00:01.021  INFO 30849 --- [main] o.hibernate.jpa.internal.util.LogHelper  : HHH000204: Processing PersistenceUnitInfo [
	name: default
	...]
2021-11-09 16:00:01.053  INFO 30849 --- [main] org.hibernate.Version                    : HHH000412: Hibernate Core {5.3.9.Final}
2021-11-09 16:00:01.054  INFO 30849 --- [main] org.hibernate.cfg.Environment            : HHH000206: hibernate.properties not found
2021-11-09 16:00:01.145  INFO 30849 --- [main] o.hibernate.annotations.common.Version   : HCANN000001: Hibernate Commons Annotations {5.0.4.Final}
2021-11-09 16:00:01.245  INFO 30849 --- [main] org.hibernate.dialect.Dialect            : HHH000400: Using dialect: org.hibernate.dialect.MySQL5Dialect
2021-11-09 16:00:01.864  INFO 30849 --- [main] j.LocalContainerEntityManagerFactoryBean : Initialized JPA EntityManagerFactory for persistence unit 'default'
2021-11-09 16:00:02.087  INFO 30849 --- [main] o.h.h.i.QueryTranslatorFactoryInitiator  : HHH000397: Using ASTQueryTranslatorFactory
2021-11-09 16:00:02.771  INFO 30849 --- [main] o.s.s.concurrent.ThreadPoolTaskExecutor  : Initializing ExecutorService 'applicationTaskExecutor'
2021-11-09 16:00:02.811  WARN 30849 --- [main] aWebConfiguration$JpaWebMvcConfiguration : spring.jpa.open-in-view is enabled by default. Therefore, database queries may be performed during view rendering. Explicitly configure spring.jpa.open-in-view to disable this warning
2021-11-09 16:00:03.056  INFO 30849 --- [main] tn.esprit.spring.test.EntrepriseTest     : Started EntrepriseTest in 3.288 seconds (JVM running for 3.707)
2021-11-09 16:00:03.091  INFO 30849 --- [main] tn.esprit.spring.config.LoggingAspect    : before Create Entreprise
2021-11-09 16:00:03.131  INFO 30849 --- [main] tn.esprit.spring.config.LoggingAspect    : Method execution time: 38 milliseconds.
2021-11-09 16:00:03.131  INFO 30849 --- [main] tn.esprit.spring.config.LoggingAspect    : get entreprise by id
2021-11-09 16:00:03.146  INFO 30849 --- [main] tn.esprit.spring.config.LoggingAspect    : Method execution time: 15 milliseconds.
2021-11-09 16:00:03.147  INFO 30849 --- [main] tn.esprit.spring.config.LoggingAspect    : Delete after
2021-11-09 16:00:03.150  INFO 30849 --- [main] tn.esprit.spring.config.LoggingAspect    : Method execution time: 3 milliseconds.
2021-11-09 16:00:03.158  INFO 30849 --- [main] tn.esprit.spring.config.LoggingAspect    : before Create Entreprise
2021-11-09 16:00:03.161  INFO 30849 --- [main] tn.esprit.spring.config.LoggingAspect    : Method execution time: 3 milliseconds.
2021-11-09 16:00:03.161  INFO 30849 --- [main] tn.esprit.spring.config.LoggingAspect    : ajouter entreprise
2021-11-09 16:00:03.161  INFO 30849 --- [main] tn.esprit.spring.config.LoggingAspect    : Delete after
2021-11-09 16:00:03.163  INFO 30849 --- [main] tn.esprit.spring.config.LoggingAspect    : Method execution time: 1 milliseconds.
2021-11-09 16:00:03.181  INFO 30849 --- [Thread-2] o.s.s.concurrent.ThreadPoolTaskExecutor  : Shutting down ExecutorService 'applicationTaskExecutor'
2021-11-09 16:00:03.182  INFO 30849 --- [Thread-2] j.LocalContainerEntityManagerFactoryBean : Closing JPA EntityManagerFactory for persistence unit 'default'
2021-11-09 16:00:03.183  INFO 30849 --- [Thread-2] com.zaxxer.hikari.HikariDataSource       : HikariPool-1 - Shutdown initiated...
2021-11-09 16:00:03.188  INFO 30849 --- [Thread-2] com.zaxxer.hikari.HikariDataSource       : HikariPool-1 - Shutdown completed.
